<?xml version="1.0" encoding="UTF-8"?>
<!-- Generated by org.testng.reporters.JUnitReportReporter -->
<testsuite skipped="0" hostname="DESKTOP-5I89EPI" name="com.git33.NewTest" tests="1" failures="0" timestamp="03 十二月 2019 07:34:15 GMT" time="5.386" errors="0">
  <testcase name="testUntitledTestCase" time="5.386" classname="com.git33.NewTest"/>
</testsuite> <!-- com.git33.NewTest -->
